[09:29:28 DBG] Hosting starting
[09:29:28 INF] User profile is available. Using 'C:\Users\Kaan Demirezenler\AppData\Local\ASP.NET\DataProtection-Keys' as key repository and Windows DPAPI to encrypt keys at rest.
[09:29:28 DBG] Reading data from file 'C:\Users\Kaan Demirezenler\AppData\Local\ASP.NET\DataProtection-Keys\key-ecac6b21-68f0-4cc8-99a1-58c655fd7c96.xml'.
[09:29:29 DBG] Found key {ecac6b21-68f0-4cc8-99a1-58c655fd7c96}.
[09:29:29 DBG] Considering key {ecac6b21-68f0-4cc8-99a1-58c655fd7c96} with expiration date 2025-01-20 06:32:51Z as default key.
[09:29:29 DBG] Forwarded activator type request from Microsoft.AspNetCore.DataProtection.XmlEncryption.DpapiXmlDecryptor, Microsoft.AspNetCore.DataProtection, Version=8.0.0.0, Culture=neutral, PublicKeyToken=adb9793829ddae60 to Microsoft.AspNetCore.DataProtection.XmlEncryption.DpapiXmlDecryptor, Microsoft.AspNetCore.DataProtection, Culture=neutral, PublicKeyToken=adb9793829ddae60
[09:29:29 DBG] Decrypting secret element using Windows DPAPI.
[09:29:29 DBG] Forwarded activator type request from Microsoft.AspNetCore.DataProtection.AuthenticatedEncryption.ConfigurationModel.AuthenticatedEncryptorDescriptorDeserializer, Microsoft.AspNetCore.DataProtection, Version=8.0.0.0, Culture=neutral, PublicKeyToken=adb9793829ddae60 to Microsoft.AspNetCore.DataProtection.AuthenticatedEncryption.ConfigurationModel.AuthenticatedEncryptorDescriptorDeserializer, Microsoft.AspNetCore.DataProtection, Culture=neutral, PublicKeyToken=adb9793829ddae60
[09:29:29 DBG] Opening CNG algorithm 'AES' from provider 'null' with chaining mode CBC.
[09:29:29 DBG] Opening CNG algorithm 'SHA256' from provider 'null' with HMAC.
[09:29:29 DBG] Using key {ecac6b21-68f0-4cc8-99a1-58c655fd7c96} as the default key.
[09:29:29 DBG] Key ring with default key {ecac6b21-68f0-4cc8-99a1-58c655fd7c96} was loaded during application startup.
[09:29:30 DBG] Using development certificate: CN=localhost (Thumbprint: 483DCE1C48C5459E772E751BB169AAF690CD4851)
[09:29:31 INF] Now listening on: https://localhost:7155
[09:29:31 INF] Application started. Press Ctrl+C to shut down.
[09:29:31 INF] Hosting environment: Development
[09:29:31 INF] Content root path: C:\Users\Kaan Demirezenler\Desktop\UTCN24-25\DS\src\DeviceMS\DeviceMS\DeviceMS\
[09:29:31 DBG] Hosting started
[09:29:31 DBG] Connection id "0HN896K9EHULR" accepted.
[09:29:31 DBG] Connection id "0HN896K9EHULQ" accepted.
[09:29:31 DBG] Connection id "0HN896K9EHULQ" started.
[09:29:31 DBG] Connection id "0HN896K9EHULR" started.
[09:29:33 DBG] Connection id "0HN896K9EHULS" accepted.
[09:29:33 DBG] Connection id "0HN896K9EHULS" started.
[09:29:33 DBG] Connection 0HN896K9EHULS established using the following protocol: "Tls13"
[09:29:33 DBG] Wildcard detected, all requests with hosts will be allowed.
[09:29:34 DBG] Response markup is scheduled to include browser refresh script injection.
[09:29:34 DBG] HTTP GET /swagger/index.html responded 200 in 545.4004 ms
[09:29:34 DBG] Response markup was updated to include browser refresh script injection.
[09:29:34 DBG] HTTP GET /swagger/index.js responded 200 in 4.0867 ms
[09:29:34 INF] The file /index.css was not modified
[09:29:34 INF] The file /swagger-ui-bundle.js was not modified
[09:29:34 INF] The file /swagger-ui-standalone-preset.js was not modified
[09:29:34 INF] The file /swagger-ui.css was not modified
[09:29:34 DBG] Handled. Status code: 304 File: /index.css
[09:29:34 DBG] Handled. Status code: 304 File: /swagger-ui-bundle.js
[09:29:34 DBG] HTTP GET /swagger/index.css responded 304 in 87.6110 ms
[09:29:34 DBG] Handled. Status code: 304 File: /swagger-ui.css
[09:29:34 DBG] Handled. Status code: 304 File: /swagger-ui-standalone-preset.js
[09:29:34 DBG] HTTP GET /swagger/swagger-ui-bundle.js responded 304 in 80.5956 ms
[09:29:34 DBG] HTTP GET /swagger/swagger-ui.css responded 304 in 89.9957 ms
[09:29:34 DBG] HTTP GET /swagger/swagger-ui-standalone-preset.js responded 304 in 89.5279 ms
[09:29:34 INF] The file /favicon-32x32.png was not modified
[09:29:34 DBG] Handled. Status code: 304 File: /favicon-32x32.png
[09:29:34 DBG] HTTP GET /swagger/favicon-32x32.png responded 304 in 2.3628 ms
[09:29:35 DBG] HTTP GET /swagger/v1/swagger.json responded 200 in 264.9493 ms
[09:29:41 DBG] Authentication of the HTTPS connection timed out.
[09:29:41 DBG] Authentication of the HTTPS connection timed out.
[09:29:41 DBG] Connection id "0HN896K9EHULR" stopped.
[09:29:41 DBG] Connection id "0HN896K9EHULQ" stopped.
[09:29:41 DBG] Connection id "0HN896K9EHULR" sending FIN because: "The Socket transport's send loop completed gracefully."
[09:29:41 DBG] Connection id "0HN896K9EHULQ" sending FIN because: "The Socket transport's send loop completed gracefully."
[09:29:44 DBG] Connection id "0HN896K9EHULS" received FIN.
[09:29:44 DBG] Connection id "0HN896K9EHULS" is closed. The last processed stream ID was 19.
[09:29:44 DBG] Connection id "0HN896K9EHULS" sending FIN because: "The client closed the connection."
[09:29:44 DBG] Connection id "0HN896K9EHULS" stopped.
