[09:23:57 DBG] Hosting starting
[09:23:57 INF] User profile is available. Using 'C:\Users\Kaan Demirezenler\AppData\Local\ASP.NET\DataProtection-Keys' as key repository and Windows DPAPI to encrypt keys at rest.
[09:23:58 DBG] Reading data from file 'C:\Users\Kaan Demirezenler\AppData\Local\ASP.NET\DataProtection-Keys\key-ecac6b21-68f0-4cc8-99a1-58c655fd7c96.xml'.
[09:23:58 DBG] Found key {ecac6b21-68f0-4cc8-99a1-58c655fd7c96}.
[09:23:58 DBG] Considering key {ecac6b21-68f0-4cc8-99a1-58c655fd7c96} with expiration date 2025-01-20 06:32:51Z as default key.
[09:23:58 DBG] Forwarded activator type request from Microsoft.AspNetCore.DataProtection.XmlEncryption.DpapiXmlDecryptor, Microsoft.AspNetCore.DataProtection, Version=8.0.0.0, Culture=neutral, PublicKeyToken=adb9793829ddae60 to Microsoft.AspNetCore.DataProtection.XmlEncryption.DpapiXmlDecryptor, Microsoft.AspNetCore.DataProtection, Culture=neutral, PublicKeyToken=adb9793829ddae60
[09:23:58 DBG] Decrypting secret element using Windows DPAPI.
[09:23:58 DBG] Forwarded activator type request from Microsoft.AspNetCore.DataProtection.AuthenticatedEncryption.ConfigurationModel.AuthenticatedEncryptorDescriptorDeserializer, Microsoft.AspNetCore.DataProtection, Version=8.0.0.0, Culture=neutral, PublicKeyToken=adb9793829ddae60 to Microsoft.AspNetCore.DataProtection.AuthenticatedEncryption.ConfigurationModel.AuthenticatedEncryptorDescriptorDeserializer, Microsoft.AspNetCore.DataProtection, Culture=neutral, PublicKeyToken=adb9793829ddae60
[09:23:58 DBG] Opening CNG algorithm 'AES' from provider 'null' with chaining mode CBC.
[09:23:58 DBG] Opening CNG algorithm 'SHA256' from provider 'null' with HMAC.
[09:23:58 DBG] Using key {ecac6b21-68f0-4cc8-99a1-58c655fd7c96} as the default key.
[09:23:58 DBG] Key ring with default key {ecac6b21-68f0-4cc8-99a1-58c655fd7c96} was loaded during application startup.
[09:23:58 DBG] Using development certificate: CN=localhost (Thumbprint: 483DCE1C48C5459E772E751BB169AAF690CD4851)
[09:23:58 INF] Now listening on: https://localhost:7151
[09:23:58 INF] Application started. Press Ctrl+C to shut down.
[09:23:58 INF] Hosting environment: Development
[09:23:58 INF] Content root path: C:\Users\Kaan Demirezenler\Desktop\UTCN24-25\DS\src\UserMS\UserMS\
[09:23:58 DBG] Hosting started
[09:23:58 DBG] Connection id "0HN896H69SQB1" accepted.
[09:23:58 DBG] Connection id "0HN896H69SQB1" started.
[09:23:58 DBG] Connection id "0HN896H69SQB1" received FIN.
[09:23:58 DBG] Failed to authenticate HTTPS connection.
System.IO.IOException:  Received an unexpected EOF or 0 bytes from the transport stream.
   at System.Net.Security.SslStream.ReceiveBlobAsync[TIOAdapter](TIOAdapter adapter)
   at System.Net.Security.SslStream.ForceAuthenticationAsync[TIOAdapter](TIOAdapter adapter, Boolean receiveFirst, Byte[] reAuthenticationData, Boolean isApm)
   at Microsoft.AspNetCore.Server.Kestrel.Https.Internal.HttpsConnectionMiddleware.OnConnectionAsync(ConnectionContext context)
[09:23:58 DBG] Connection id "0HN896H69SQB1" stopped.
[09:23:58 DBG] Connection id "0HN896H69SQB1" sending FIN because: "The Socket transport's send loop completed gracefully."
[09:24:01 DBG] Connection id "0HN896H69SQB2" accepted.
[09:24:01 DBG] Connection id "0HN896H69SQB2" started.
[09:24:02 DBG] Connection 0HN896H69SQB2 established using the following protocol: "Tls13"
[09:24:02 DBG] Wildcard detected, all requests with hosts will be allowed.
[09:24:03 DBG] Response markup is scheduled to include browser refresh script injection.
[09:24:03 DBG] HTTP GET /swagger/index.html responded 200 in 975.0834 ms
[09:24:04 DBG] Response markup was updated to include browser refresh script injection.
[09:24:04 DBG] HTTP GET /swagger/index.js responded 200 in 2.2758 ms
[09:24:04 INF] The file /swagger-ui-standalone-preset.js was not modified
[09:24:04 INF] The file /swagger-ui-bundle.js was not modified
[09:24:04 INF] The file /index.css was not modified
[09:24:04 INF] The file /swagger-ui.css was not modified
[09:24:04 DBG] Handled. Status code: 304 File: /swagger-ui.css
[09:24:04 DBG] Handled. Status code: 304 File: /swagger-ui-bundle.js
[09:24:04 DBG] Handled. Status code: 304 File: /swagger-ui-standalone-preset.js
[09:24:04 DBG] Handled. Status code: 304 File: /index.css
[09:24:04 DBG] HTTP GET /swagger/swagger-ui.css responded 304 in 80.1397 ms
[09:24:04 DBG] HTTP GET /swagger/swagger-ui-bundle.js responded 304 in 51.3829 ms
[09:24:04 DBG] HTTP GET /swagger/swagger-ui-standalone-preset.js responded 304 in 51.6775 ms
[09:24:04 DBG] HTTP GET /swagger/index.css responded 304 in 55.1498 ms
[09:24:05 INF] The file /favicon-32x32.png was not modified
[09:24:05 DBG] Handled. Status code: 304 File: /favicon-32x32.png
[09:24:05 DBG] HTTP GET /swagger/favicon-32x32.png responded 304 in 0.9591 ms
[09:24:05 DBG] HTTP GET /swagger/v1/swagger.json responded 200 in 372.5147 ms
[09:24:07 DBG] Connection id "0HN896H69SQB2" received FIN.
[09:24:07 DBG] Connection id "0HN896H69SQB2" is closed. The last processed stream ID was 19.
[09:24:07 DBG] Connection id "0HN896H69SQB2" sending FIN because: "The client closed the connection."
[09:24:07 DBG] Connection id "0HN896H69SQB2" stopped.
[09:27:47 DBG] Hosting starting
[09:27:47 INF] User profile is available. Using 'C:\Users\Kaan Demirezenler\AppData\Local\ASP.NET\DataProtection-Keys' as key repository and Windows DPAPI to encrypt keys at rest.
[09:27:47 DBG] Reading data from file 'C:\Users\Kaan Demirezenler\AppData\Local\ASP.NET\DataProtection-Keys\key-ecac6b21-68f0-4cc8-99a1-58c655fd7c96.xml'.
[09:27:47 DBG] Found key {ecac6b21-68f0-4cc8-99a1-58c655fd7c96}.
[09:27:47 DBG] Considering key {ecac6b21-68f0-4cc8-99a1-58c655fd7c96} with expiration date 2025-01-20 06:32:51Z as default key.
[09:27:47 DBG] Forwarded activator type request from Microsoft.AspNetCore.DataProtection.XmlEncryption.DpapiXmlDecryptor, Microsoft.AspNetCore.DataProtection, Version=8.0.0.0, Culture=neutral, PublicKeyToken=adb9793829ddae60 to Microsoft.AspNetCore.DataProtection.XmlEncryption.DpapiXmlDecryptor, Microsoft.AspNetCore.DataProtection, Culture=neutral, PublicKeyToken=adb9793829ddae60
[09:27:47 DBG] Decrypting secret element using Windows DPAPI.
[09:27:47 DBG] Forwarded activator type request from Microsoft.AspNetCore.DataProtection.AuthenticatedEncryption.ConfigurationModel.AuthenticatedEncryptorDescriptorDeserializer, Microsoft.AspNetCore.DataProtection, Version=8.0.0.0, Culture=neutral, PublicKeyToken=adb9793829ddae60 to Microsoft.AspNetCore.DataProtection.AuthenticatedEncryption.ConfigurationModel.AuthenticatedEncryptorDescriptorDeserializer, Microsoft.AspNetCore.DataProtection, Culture=neutral, PublicKeyToken=adb9793829ddae60
[09:27:47 DBG] Opening CNG algorithm 'AES' from provider 'null' with chaining mode CBC.
[09:27:47 DBG] Opening CNG algorithm 'SHA256' from provider 'null' with HMAC.
[09:27:47 DBG] Using key {ecac6b21-68f0-4cc8-99a1-58c655fd7c96} as the default key.
[09:27:47 DBG] Key ring with default key {ecac6b21-68f0-4cc8-99a1-58c655fd7c96} was loaded during application startup.
[09:27:47 DBG] Using development certificate: CN=localhost (Thumbprint: 483DCE1C48C5459E772E751BB169AAF690CD4851)
[09:27:47 INF] Now listening on: https://localhost:7151
[09:27:47 INF] Application started. Press Ctrl+C to shut down.
[09:27:47 INF] Hosting environment: Development
[09:27:47 INF] Content root path: C:\Users\Kaan Demirezenler\Desktop\UTCN24-25\DS\src\UserMS\UserMS\
[09:27:47 DBG] Hosting started
[09:27:48 DBG] Connection id "0HN896JANRVMR" accepted.
[09:27:48 DBG] Connection id "0HN896JANRVMS" accepted.
[09:27:48 DBG] Connection id "0HN896JANRVMR" started.
[09:27:48 DBG] Connection id "0HN896JANRVMS" started.
[09:27:48 DBG] Connection id "0HN896JANRVMS" received FIN.
[09:27:48 DBG] Connection id "0HN896JANRVMR" received FIN.
[09:27:48 DBG] Connection id "0HN896JANRVMT" accepted.
[09:27:48 DBG] Connection id "0HN896JANRVMT" started.
[09:27:48 DBG] Connection 0HN896JANRVMT established using the following protocol: "Tls13"
[09:27:48 DBG] Failed to authenticate HTTPS connection.
System.IO.IOException:  Received an unexpected EOF or 0 bytes from the transport stream.
   at System.Net.Security.SslStream.ReceiveBlobAsync[TIOAdapter](TIOAdapter adapter)
   at System.Net.Security.SslStream.ForceAuthenticationAsync[TIOAdapter](TIOAdapter adapter, Boolean receiveFirst, Byte[] reAuthenticationData, Boolean isApm)
   at Microsoft.AspNetCore.Server.Kestrel.Https.Internal.HttpsConnectionMiddleware.OnConnectionAsync(ConnectionContext context)
[09:27:48 DBG] Failed to authenticate HTTPS connection.
System.IO.IOException:  Received an unexpected EOF or 0 bytes from the transport stream.
   at System.Net.Security.SslStream.ReceiveBlobAsync[TIOAdapter](TIOAdapter adapter)
   at System.Net.Security.SslStream.ForceAuthenticationAsync[TIOAdapter](TIOAdapter adapter, Boolean receiveFirst, Byte[] reAuthenticationData, Boolean isApm)
   at Microsoft.AspNetCore.Server.Kestrel.Https.Internal.HttpsConnectionMiddleware.OnConnectionAsync(ConnectionContext context)
[09:27:48 DBG] Connection id "0HN896JANRVMR" stopped.
[09:27:48 DBG] Connection id "0HN896JANRVMS" stopped.
[09:27:48 DBG] Connection id "0HN896JANRVMR" sending FIN because: "The Socket transport's send loop completed gracefully."
[09:27:48 DBG] Connection id "0HN896JANRVMS" sending FIN because: "The Socket transport's send loop completed gracefully."
[09:27:49 DBG] Wildcard detected, all requests with hosts will be allowed.
[09:27:49 DBG] Response markup is scheduled to include browser refresh script injection.
[09:27:49 DBG] HTTP GET /swagger/index.html responded 200 in 440.5191 ms
[09:27:49 DBG] Response markup was updated to include browser refresh script injection.
[09:27:49 DBG] HTTP GET /swagger/index.js responded 200 in 4.5248 ms
[09:27:50 DBG] HTTP GET /swagger/v1/swagger.json responded 200 in 494.5555 ms
[09:27:53 DBG] Connection id "0HN896JANRVMT" received FIN.
[09:27:53 DBG] Connection id "0HN896JANRVMT" is closed. The last processed stream ID was 9.
[09:27:53 DBG] Connection id "0HN896JANRVMT" sending FIN because: "The client closed the connection."
[09:27:53 DBG] Connection id "0HN896JANRVMT" stopped.
